<?xml version="1.0" encoding="UTF-8"?>
<!-- Generated by org.testng.reporters.JUnitReportReporter -->
<testsuite hostname="DESKTOP-1T2GESH" failures="1" tests="12" name="org.SwagLabs.p_performance_glitch_user" time="35.052" errors="0" timestamp="2025-11-29T18:43:38 EET" skipped="0">
  <testcase classname="org.SwagLabs.p_performance_glitch_user" name="addToCrat" time="0.653"/>
  <testcase classname="org.SwagLabs.p_performance_glitch_user" name="removeFromCart" time="0.097"/>
  <testcase classname="org.SwagLabs.p_performance_glitch_user" name="productDelails" time="3.183"/>
  <testcase classname="org.SwagLabs.p_performance_glitch_user" name="back" time="5.247"/>
  <testcase classname="org.SwagLabs.p_performance_glitch_user" name="ConverButtonToRemove" time="5.254">
    <failure message="expected [Add to cart] but found [Remove]" type="java.lang.AssertionError">
      <![CDATA[java.lang.AssertionError: expected [Add to cart] but found [Remove]
at org.testng.Assert.fail(Assert.java:111)
at org.testng.Assert.failNotEquals(Assert.java:1590)
at org.testng.Assert.assertEqualsImpl(Assert.java:150)
at org.testng.Assert.assertEquals(Assert.java:132)
at org.testng.Assert.assertEquals(Assert.java:656)
at org.testng.Assert.assertEquals(Assert.java:666)
at org.SwagLabs.p_performance_glitch_user.ConverButtonToRemove(p_performance_glitch_user.java:106)
at java.base/jdk.internal.reflect.DirectMethodHandleAccessor.invoke(DirectMethodHandleAccessor.java:104)
at java.base/java.lang.reflect.Method.invoke(Method.java:565)
at org.testng.internal.invokers.MethodInvocationHelper.invokeMethod(MethodInvocationHelper.java:141)
at org.testng.internal.invokers.TestInvoker.invokeMethod(TestInvoker.java:687)
at org.testng.internal.invokers.TestInvoker.invokeTestMethod(TestInvoker.java:230)
at org.testng.internal.invokers.MethodRunner.runInSequence(MethodRunner.java:63)
at org.testng.internal.invokers.TestInvoker$MethodInvocationAgent.invoke(TestInvoker.java:995)
at org.testng.internal.invokers.TestInvoker.invokeTestMethods(TestInvoker.java:203)
at org.testng.internal.invokers.TestMethodWorker.invokeTestMethods(TestMethodWorker.java:154)
at org.testng.internal.invokers.TestMethodWorker.run(TestMethodWorker.java:134)
at java.base/java.util.ArrayList.forEach(ArrayList.java:1604)
at org.testng.TestRunner.privateRun(TestRunner.java:741)
at org.testng.TestRunner.run(TestRunner.java:616)
at org.testng.SuiteRunner.runTest(SuiteRunner.java:421)
at org.testng.SuiteRunner.runSequentially(SuiteRunner.java:413)
at org.testng.SuiteRunner.privateRun(SuiteRunner.java:373)
at org.testng.SuiteRunner.run(SuiteRunner.java:312)
at org.testng.SuiteRunnerWorker.runSuite(SuiteRunnerWorker.java:52)
at org.testng.SuiteRunnerWorker.run(SuiteRunnerWorker.java:95)
at org.testng.TestNG.runSuitesSequentially(TestNG.java:1274)
at org.testng.TestNG.runSuitesLocally(TestNG.java:1208)
at org.testng.TestNG.runSuites(TestNG.java:1112)
at org.testng.TestNG.run(TestNG.java:1079)
at com.intellij.rt.testng.IDEARemoteTestNG.run(IDEARemoteTestNG.java:65)
at com.intellij.rt.testng.RemoteTestNGStarter.main(RemoteTestNGStarter.java:105)
]]>
    </failure>
  </testcase> <!-- ConverButtonToRemove -->
  <testcase classname="org.SwagLabs.p_performance_glitch_user" name="allIteme" time="0.020"/>
  <testcase classname="org.SwagLabs.p_performance_glitch_user" name="check_CartIcon" time="0.080"/>
  <testcase classname="org.SwagLabs.p_performance_glitch_user" name="sortZA" time="9.171"/>
  <testcase classname="org.SwagLabs.p_performance_glitch_user" name="sortAZ" time="0.181"/>
  <testcase classname="org.SwagLabs.p_performance_glitch_user" name="sortLowToHigh" time="5.200"/>
  <testcase classname="org.SwagLabs.p_performance_glitch_user" name="sortHighToLow" time="5.160"/>
  <testcase classname="org.SwagLabs.p_performance_glitch_user" name="logout" time="0.806"/>
</testsuite> <!-- org.SwagLabs.p_performance_glitch_user -->
