<?xml version="1.0" encoding="UTF-8"?>
<!-- Generated by org.testng.reporters.JUnitXMLReporter -->
<testsuite ignored="0" hostname="DESKTOP-1T2GESH" failures="2" tests="7" name="Maven_Demo" time="112.861" errors="0" timestamp="2025-11-29T18:53:23 EET">
  <testcase classname="org.SwagLabs.ShopingCart" name="testShoppingCartFlow" time="27.676"/>
  <testcase classname="org.SwagLabs.ShopingCart" name="testEmptyCart" time="8.562">
    <failure type="java.lang.AssertionError" message="Cart icon should not be clickable/navigable when empty expected [https://www.saucedemo.com/inventory.html] but found [https://www.saucedemo.com/cart.html]">
      <![CDATA[java.lang.AssertionError: Cart icon should not be clickable/navigable when empty expected [https://www.saucedemo.com/inventory.html] but found [https://www.saucedemo.com/cart.html]
at org.SwagLabs.ShopingCart.testEmptyCart(ShopingCart.java:208)
at java.base/java.util.ArrayList.forEach(ArrayList.java:1604)
at com.intellij.rt.testng.IDEARemoteTestNG.run(IDEARemoteTestNG.java:65)
at com.intellij.rt.testng.RemoteTestNGStarter.main(RemoteTestNGStarter.java:105)
... Removed 27 stack frames]]>
    </failure>
  </testcase> <!-- testEmptyCart -->
  <testcase classname="org.SwagLabs.ShopingCart" name="testRemoveItemFromCart" time="8.028"/>
  <testcase classname="org.SwagLabs.ShopingCart" name="testAddItemToCart" time="7.809"/>
  <testcase classname="org.SwagLabs.ShopingCart" name="testCartItemQuantityUpdate" time="33.094"/>
  <testcase classname="org.SwagLabs.ShopingCart" name="testRemoveAllItemsFromCart" time="14.298">
    <failure type="org.openqa.selenium.TimeoutException" message="Expected condition failed: waiting for visibility of element located by By.id: add-to-cart-sauce-labs-bolt-t-shirt (tried for 5 second(s) with 500 milliseconds interval)
Build info: version: &amp;apos;4.26.0&amp;apos;, revision: &amp;apos;8ccf0219d7&amp;apos;
System info: os.name: &amp;apos;Windows 11&amp;apos;, os.arch: &amp;apos;amd64&amp;apos;, os.version: &amp;apos;10.0&amp;apos;, java.version: &amp;apos;24&amp;apos;
Driver info: org.openqa.selenium.chrome.ChromeDriver
Capabilities {acceptInsecureCerts: false, browserName: chrome, browserVersion: 142.0.7444.176, chrome: {chromedriverVersion: 142.0.7444.175 (302067f14a4..., userDataDir: C:\Users\Lenovo\AppData\Loc...}, fedcm:accounts: true, goog:chromeOptions: {debuggerAddress: localhost:56727}, goog:processID: 16928, networkConnectionEnabled: false, pageLoadStrategy: normal, platformName: windows, proxy: Proxy(), se:cdp: ws://localhost:56727/devtoo..., se:cdpVersion: 142.0.7444.176, setWindowRect: true, strictFileInteractability: false, timeouts: {implicit: 0, pageLoad: 300000, script: 30000}, unhandledPromptBehavior: dismiss and notify, webauthn:extension:credBlob: true, webauthn:extension:largeBlob: true, webauthn:extension:minPinLength: true, webauthn:extension:prf: true, webauthn:virtualAuthenticators: true}
Session ID: 67f15bb19d19c9dbdc629bb9db844a7e">
      <![CDATA[org.openqa.selenium.TimeoutException: Expected condition failed: waiting for visibility of element located by By.id: add-to-cart-sauce-labs-bolt-t-shirt (tried for 5 second(s) with 500 milliseconds interval)
Build info: version: '4.26.0', revision: '8ccf0219d7'
System info: os.name: 'Windows 11', os.arch: 'amd64', os.version: '10.0', java.version: '24'
Driver info: org.openqa.selenium.chrome.ChromeDriver
Capabilities {acceptInsecureCerts: false, browserName: chrome, browserVersion: 142.0.7444.176, chrome: {chromedriverVersion: 142.0.7444.175 (302067f14a4..., userDataDir: C:\Users\Lenovo\AppData\Loc...}, fedcm:accounts: true, goog:chromeOptions: {debuggerAddress: localhost:56727}, goog:processID: 16928, networkConnectionEnabled: false, pageLoadStrategy: normal, platformName: windows, proxy: Proxy(), se:cdp: ws://localhost:56727/devtoo..., se:cdpVersion: 142.0.7444.176, setWindowRect: true, strictFileInteractability: false, timeouts: {implicit: 0, pageLoad: 300000, script: 30000}, unhandledPromptBehavior: dismiss and notify, webauthn:extension:credBlob: true, webauthn:extension:largeBlob: true, webauthn:extension:minPinLength: true, webauthn:extension:prf: true, webauthn:virtualAuthenticators: true}
Session ID: 67f15bb19d19c9dbdc629bb9db844a7e
at org.openqa.selenium.support.ui.WebDriverWait.timeoutException(WebDriverWait.java:84)
at org.openqa.selenium.support.ui.FluentWait.until(FluentWait.java:228)
at org.SwagLabs.ShopingCart.waitForElement(ShopingCart.java:75)
at org.SwagLabs.ShopingCart.testRemoveAllItemsFromCart(ShopingCart.java:428)
at java.base/java.util.ArrayList.forEach(ArrayList.java:1604)
at com.intellij.rt.testng.IDEARemoteTestNG.run(IDEARemoteTestNG.java:65)
at com.intellij.rt.testng.RemoteTestNGStarter.main(RemoteTestNGStarter.java:105)
... Removed 22 stack frames]]>
    </failure>
  </testcase> <!-- testRemoveAllItemsFromCart -->
  <testcase classname="org.SwagLabs.ShopingCart" name="Verify_non_logged" time="1.709"/>
</testsuite> <!-- Maven_Demo -->
